<?xml version="1.0" encoding="UTF-8"?>
<testng-results ignored="0" total="2" passed="2" failed="0" skipped="0">
  <reporter-output>
  </reporter-output>
  <suite started-at="2026-02-18T14:43:00 IST" name="Selective Execution Suite" finished-at="2026-02-18T14:43:03 IST" duration-ms="3216">
    <groups>
    </groups>
    <test started-at="2026-02-18T14:43:00 IST" name="Only Required Tests" finished-at="2026-02-18T14:43:03 IST" duration-ms="3216">
      <class name="tests.LoginTests">
        <test-method signature="testLogin()[pri:0, instance:tests.LoginTests@60d8c9b7]" started-at="2026-02-18T14:43:00 IST" name="testLogin" finished-at="2026-02-18T14:43:01 IST" duration-ms="1406" status="PASS">
          <reporter-output>
          </reporter-output>
        </test-method> <!-- testLogin -->
      </class> <!-- tests.LoginTests -->
      <class name="tests.CreateUserTests">
        <test-method is-config="true" signature="generateToken()[pri:0, instance:tests.CreateUserTests@3e2e18f2]" started-at="2026-02-18T14:42:54 IST" name="generateToken" finished-at="2026-02-18T14:43:00 IST" duration-ms="5657" status="PASS">
          <reporter-output>
          </reporter-output>
        </test-method> <!-- generateToken -->
        <test-method signature="testCreateUser()[pri:0, instance:tests.CreateUserTests@3e2e18f2]" started-at="2026-02-18T14:43:01 IST" name="testCreateUser" finished-at="2026-02-18T14:43:03 IST" duration-ms="1728" status="PASS">
          <reporter-output>
          </reporter-output>
        </test-method> <!-- testCreateUser -->
      </class> <!-- tests.CreateUserTests -->
    </test> <!-- Only Required Tests -->
  </suite> <!-- Selective Execution Suite -->
</testng-results>
