<?xml version="1.0" encoding="UTF-8"?>
<testng-results ignored="0" total="2" passed="2" failed="0" skipped="0">
  <reporter-output>
  </reporter-output>
  <suite started-at="2026-02-17T18:50:13 IST" name="Selective Execution Suite" finished-at="2026-02-17T18:50:18 IST" duration-ms="5215">
    <groups>
    </groups>
    <test started-at="2026-02-17T18:50:13 IST" name="Only Required Tests" finished-at="2026-02-17T18:50:18 IST" duration-ms="5215">
      <class name="tests.LoginTests">
        <test-method signature="testLogin()[pri:0, instance:tests.LoginTests@60d8c9b7]" started-at="2026-02-17T18:50:13 IST" name="testLogin" finished-at="2026-02-17T18:50:15 IST" duration-ms="1866" status="PASS">
          <reporter-output>
          </reporter-output>
        </test-method> <!-- testLogin -->
      </class> <!-- tests.LoginTests -->
      <class name="tests.CreateUserTests">
        <test-method is-config="true" signature="generateToken()[pri:0, instance:tests.CreateUserTests@3e2e18f2]" started-at="2026-02-17T18:50:06 IST" name="generateToken" finished-at="2026-02-17T18:50:13 IST" duration-ms="6355" status="PASS">
          <reporter-output>
          </reporter-output>
        </test-method> <!-- generateToken -->
        <test-method signature="testCreateUser()[pri:0, instance:tests.CreateUserTests@3e2e18f2]" started-at="2026-02-17T18:50:15 IST" name="testCreateUser" finished-at="2026-02-17T18:50:18 IST" duration-ms="3238" status="PASS">
          <reporter-output>
          </reporter-output>
        </test-method> <!-- testCreateUser -->
      </class> <!-- tests.CreateUserTests -->
    </test> <!-- Only Required Tests -->
  </suite> <!-- Selective Execution Suite -->
</testng-results>
