<?xml version="1.0" encoding="UTF-8"?>
<!-- Generated by org.testng.reporters.JUnitReportReporter -->
<testsuite hostname="CXWINLT175" failures="0" tests="3" name="runner.TestRunner" time="8.823" errors="0" timestamp="2026-05-28T11:42:30 IST" skipped="0">
  <testcase classname="runner.TestRunner" name="runScenario" time="0.750"/>
  <testcase classname="runner.TestRunner" name="runScenario" time="0.975"/>
  <testcase classname="runner.TestRunner" name="runScenario" time="7.098"/>
</testsuite> <!-- runner.TestRunner -->
